#
# A fatal error has been detected by the Java Runtime Environment:
#
#  SIGSEGV (0xb) at pc=0x0000000103446908, pid=77612, tid=14343
#
# JRE version: Java(TM) SE Runtime Environment (8.0_65-b17) (build 1.8.0_65-b17)
# Java VM: Java HotSpot(TM) 64-Bit Server VM (25.65-b01 mixed mode bsd-amd64 compressed oops)
# Problematic frame:
# V  [libjvm.dylib+0x446908]
#
# Failed to write core dump. Core dumps have been disabled. To enable core dumping, try "ulimit -c unlimited" before starting Java again
#
# If you would like to submit a bug report, please visit:
#   http://bugreport.java.com/bugreport/crash.jsp
#

---------------  T H R E A D  ---------------

Current thread (0x00007fd161008800):  JavaThread "JDWP Transport Listener: dt_socket" daemon [_thread_in_vm, id=14343, stack(0x000070000764d000,0x000070000774d000)]

siginfo: si_signo: 11 (SIGSEGV), si_code: 0 (unknown), si_addr: 0x0000000000000000

Registers:
RAX=0x0000000000000001, RBX=0x000070000774cb4b, RCX=0x0000000103815310, RDX=0x000070000774cb4b
RSP=0x000070000774ca90, RBP=0x000070000774caa0, RSI=0x00007fd161008800, RDI=0xc00007fd16649ea5
R8 =0x0000000000009357, R9 =0x0000000000000000, R10=0x00007fd166400000, R11=0x00007fd166496e10
R12=0x00007fd161008800, R13=0xc00007fd16649ea5, R14=0xc00007fd16649ea5, R15=0x00007fd15f605fc0
RIP=0x0000000103446908, EFLAGS=0x0000000000010286, ERR=0x0000000000000000
  TRAPNO=0x000000000000000d

Top of Stack: (sp=0x000070000774ca90)
0x000070000774ca90:   000070000774cb4b 000070000774cb4b
0x000070000774caa0:   000070000774cb00 0000000103355a02
0x000070000774cab0:   00007fd161008800 0000000000000000
0x000070000774cac0:   0000000000000000 0000000000000000
0x000070000774cad0:   00007fd161008800 00007fd161008800
0x000070000774cae0:   000070000774cb4b 000070000774cb50
0x000070000774caf0:   c00007fd16649ea5 0000000000000001
0x000070000774cb00:   000070000774cb20 0000000103fa9780
0x000070000774cb10:   0000000000000001 000070000774cbc8
0x000070000774cb20:   000070000774cb90 0000000103f8e1f3
0x000070000774cb30:   000070000774cb60 00007fd1664796e0
0x000070000774cb40:   0000000300000032 000000010074cbc8
0x000070000774cb50:   0000000000000000 0000000000000000
0x000070000774cb60:   0000000000000000 000070000774cd50
0x000070000774cb70:   0000000103fb0e7a 00007fd15f51aab0
0x000070000774cb80:   000070000774cbc8 0000000103fbc598
0x000070000774cb90:   000070000774cba0 0000000103f8e2ec
0x000070000774cba0:   000070000774cdc0 0000000103f97898
0x000070000774cbb0:   000009ba00000013 00000000000f0200
0x000070000774cbc0:   00007fd166497ab0 000070000774cc3d
0x000070000774cbd0:   0000000000000107 000070000774cbe0
0x000070000774cbe0:   0000000000000025 000070000774cc18
0x000070000774cbf0:   0000000000000000 0000000000000000
0x000070000774cc00:   000009ba0000001c 00007fd10000bb80
0x000070000774cc10:   000070000774cc18 d17f000003000000
0x000070000774cc20:   0600000040d7ce64 00003e74696e693c
0x000070000774cc30:   0000005629280300 0000000100000000
0x000070000774cc40:   0000010100070100 0000610000000000
0x000070000774cc50:   ffffc8395a66d17f 0000ffffffffffff
0x000070000774cc60:   0001020007010000 0061000000000000
0x000070000774cc70:   00d0395a66d17f00 0064000000000000
0x000070000774cc80:   0103000701000000 6200000000000000 

Instructions: (pc=0x0000000103446908)
0x00000001034468e8:   40 48 48 85 c0 75 e0 30 c0 0f b6 c0 5d c3 31 c0
0x00000001034468f8:   5d c3 55 48 89 e5 53 48 83 ec 08 48 85 ff 74 24
0x0000000103446908:   48 8b 1f 48 85 db 74 1c 48 83 fb 37 74 16 48 8b
0x0000000103446918:   03 48 89 df ff 50 10 84 c0 b8 00 00 00 00 48 0f 

Register to memory mapping:

RAX=0x0000000000000001 is an unknown value
RBX=0x000070000774cb4b is pointing into the stack for thread: 0x00007fd161008800
RCX=0x0000000103815310: UseMembar+0 in /Library/Java/JavaVirtualMachines/jdk1.8.0_65.jdk/Contents/Home/jre/lib/server/libjvm.dylib at 0x0000000103000000
RDX=0x000070000774cb4b is pointing into the stack for thread: 0x00007fd161008800
RSP=0x000070000774ca90 is pointing into the stack for thread: 0x00007fd161008800
RBP=0x000070000774caa0 is pointing into the stack for thread: 0x00007fd161008800
RSI=0x00007fd161008800 is a thread
RDI=0xc00007fd16649ea5 is an unknown value
R8 =0x0000000000009357 is an unknown value
R9 =0x0000000000000000 is an unknown value
R10=0x00007fd166400000 is an unknown value
R11=0x00007fd166496e10 is an unknown value
R12=0x00007fd161008800 is a thread
R13=0xc00007fd16649ea5 is an unknown value
R14=0xc00007fd16649ea5 is an unknown value
R15=0x00007fd15f605fc0 is an unknown value


Stack: [0x000070000764d000,0x000070000774d000],  sp=0x000070000774ca90,  free space=1022k
Native frames: (J=compiled Java code, j=interpreted, Vv=VM code, C=native code)
V  [libjvm.dylib+0x446908]
V  [libjvm.dylib+0x355a02]
C  [libjdwp.dylib+0x20780]  isMethodSynthetic+0x63
C  [libjdwp.dylib+0x51f3]  methods1+0x10b
C  [libjdwp.dylib+0x52ec]  methodsWithGeneric+0xe
C  [libjdwp.dylib+0xe898]  debugLoop_run+0x1ce
C  [libjdwp.dylib+0x1f6ba]  attachThread+0x4d
V  [libjvm.dylib+0x396d60]
V  [libjvm.dylib+0x5612d3]
V  [libjvm.dylib+0x5629ce]
V  [libjvm.dylib+0x48342e]
C  [libsystem_pthread.dylib+0x6109]  _pthread_start+0x94
C  [libsystem_pthread.dylib+0x1b8b]  thread_start+0xf
C  0x0000000000000000


---------------  P R O C E S S  ---------------

Java Threads: ( => current thread )
  0x00007fd16ae21800 JavaThread "DestroyJavaVM" [_thread_blocked, id=3075, stack(0x0000700006c2c000,0x0000700006d2c000)]
  0x00007fd163b9f800 JavaThread "HikariPool-1 housekeeper" daemon [_thread_blocked, id=36611, stack(0x00007000095aa000,0x00007000096aa000)]
  0x00007fd1668b9000 JavaThread "http-nio-8080-Acceptor" daemon [_thread_in_native, id=37123, stack(0x00007000094a7000,0x00007000095a7000)]
  0x00007fd167174000 JavaThread "http-nio-8080-ClientPoller" daemon [_thread_in_native, id=25347, stack(0x00007000093a4000,0x00007000094a4000)]
  0x00007fd1647ee000 JavaThread "http-nio-8080-exec-10" daemon [_thread_blocked, id=37891, stack(0x00007000092a1000,0x00007000093a1000)]
  0x00007fd16038f000 JavaThread "http-nio-8080-exec-9" daemon [_thread_blocked, id=38403, stack(0x000070000919e000,0x000070000929e000)]
  0x00007fd16560c000 JavaThread "http-nio-8080-exec-8" daemon [_thread_blocked, id=38915, stack(0x000070000909b000,0x000070000919b000)]
  0x00007fd1647ed800 JavaThread "http-nio-8080-exec-7" daemon [_thread_blocked, id=39171, stack(0x0000700008f98000,0x0000700009098000)]
  0x00007fd1641bd800 JavaThread "http-nio-8080-exec-6" daemon [_thread_blocked, id=24579, stack(0x0000700008e95000,0x0000700008f95000)]
  0x00007fd1647e2000 JavaThread "http-nio-8080-exec-5" daemon [_thread_blocked, id=39427, stack(0x0000700008d92000,0x0000700008e92000)]
  0x00007fd167173000 JavaThread "http-nio-8080-exec-4" daemon [_thread_blocked, id=39939, stack(0x0000700008c8f000,0x0000700008d8f000)]
  0x00007fd163fff000 JavaThread "http-nio-8080-exec-3" daemon [_thread_blocked, id=40195, stack(0x0000700008b8c000,0x0000700008c8c000)]
  0x00007fd1610b6800 JavaThread "http-nio-8080-exec-2" daemon [_thread_blocked, id=23811, stack(0x0000700008a89000,0x0000700008b89000)]
  0x00007fd165603800 JavaThread "http-nio-8080-exec-1" daemon [_thread_blocked, id=23555, stack(0x0000700008986000,0x0000700008a86000)]
  0x00007fd165607000 JavaThread "http-nio-8080-BlockPoller" daemon [_thread_in_native, id=23299, stack(0x0000700008883000,0x0000700008983000)]
  0x00007fd16076b800 JavaThread "mysql-cj-abandoned-connection-cleanup" daemon [_thread_blocked, id=41987, stack(0x000070000867d000,0x000070000877d000)]
  0x00007fd15f9f4000 JavaThread "container-0" [_thread_blocked, id=42499, stack(0x000070000857a000,0x000070000867a000)]
  0x00007fd160765000 JavaThread "Catalina-utility-2" [_thread_blocked, id=12807, stack(0x0000700008477000,0x0000700008577000)]
  0x00007fd160c46000 JavaThread "Catalina-utility-1" [_thread_blocked, id=17163, stack(0x0000700007e65000,0x0000700007f65000)]
  0x00007fd163cc8000 JavaThread "JMX server connection timeout 18" daemon [_thread_blocked, id=22531, stack(0x0000700008374000,0x0000700008474000)]
  0x00007fd163a7c800 JavaThread "RMI Scheduler(0)" daemon [_thread_blocked, id=43011, stack(0x0000700008271000,0x0000700008371000)]
  0x00007fd1653c6800 JavaThread "RMI TCP Connection(12)-10.0.1.166" daemon [_thread_in_native, id=43267, stack(0x000070000816e000,0x000070000826e000)]
  0x00007fd16584a800 JavaThread "RMI TCP Accept-0" daemon [_thread_in_native, id=21763, stack(0x000070000806b000,0x000070000816b000)]
  0x00007fd165154000 JavaThread "Attach Listener" daemon [_thread_blocked, id=16899, stack(0x0000700007f68000,0x0000700008068000)]
  0x00007fd15f93d800 JavaThread "Service Thread" daemon [_thread_blocked, id=17923, stack(0x0000700007c5f000,0x0000700007d5f000)]
  0x00007fd16092b000 JavaThread "C1 CompilerThread2" daemon [_thread_blocked, id=18435, stack(0x0000700007b5c000,0x0000700007c5c000)]
  0x00007fd16082d000 JavaThread "C2 CompilerThread1" daemon [_thread_blocked, id=15875, stack(0x0000700007a59000,0x0000700007b59000)]
  0x00007fd15f841800 JavaThread "C2 CompilerThread0" daemon [_thread_blocked, id=15363, stack(0x0000700007956000,0x0000700007a56000)]
  0x00007fd16080a800 JavaThread "JDWP Command Reader" daemon [_thread_in_native, id=14851, stack(0x0000700007853000,0x0000700007953000)]
  0x00007fd16080a000 JavaThread "JDWP Event Helper Thread" daemon [_thread_blocked, id=14595, stack(0x0000700007750000,0x0000700007850000)]
=>0x00007fd161008800 JavaThread "JDWP Transport Listener: dt_socket" daemon [_thread_in_vm, id=14343, stack(0x000070000764d000,0x000070000774d000)]
  0x00007fd160041000 JavaThread "Signal Dispatcher" daemon [_thread_blocked, id=13827, stack(0x000070000754a000,0x000070000764a000)]
  0x00007fd160036000 JavaThread "Finalizer" daemon [_thread_blocked, id=11779, stack(0x0000700007341000,0x0000700007441000)]
  0x00007fd160035800 JavaThread "Reference Handler" daemon [_thread_blocked, id=11523, stack(0x000070000723e000,0x000070000733e000)]

Other Threads:
  0x00007fd15f826000 VMThread [stack: 0x000070000713b000,0x000070000723b000] [id=21507]
  0x00007fd15f934000 WatcherThread [stack: 0x0000700007d62000,0x0000700007e62000] [id=17667]

VM state:not at safepoint (normal execution)

VM Mutex/Monitor currently owned by a thread: None

Heap:
 PSYoungGen      total 290304K, used 40087K [0x0000000795580000, 0x00000007ae380000, 0x00000007c0000000)
  eden space 276992K, 14% used [0x0000000795580000,0x0000000797ca5d10,0x00000007a6400000)
  from space 13312K, 0% used [0x00000007a6400000,0x00000007a6400000,0x00000007a7100000)
  to   space 13824K, 0% used [0x00000007ad600000,0x00000007ad600000,0x00000007ae380000)
 ParOldGen       total 77312K, used 18965K [0x0000000740000000, 0x0000000744b80000, 0x0000000795580000)
  object space 77312K, 24% used [0x0000000740000000,0x00000007412855d8,0x0000000744b80000)
 Metaspace       used 57989K, capacity 61028K, committed 61336K, reserved 1101824K
  class space    used 7746K, capacity 8252K, committed 8360K, reserved 1048576K

Card table byte_map: [0x00000001043f7000,0x00000001047f8000] byte_map_base: 0x00000001009f7000

Marking Bits: (ParMarkBitMap*) 0x00000001038dee20
 Begin Bits: [0x0000000104aa3000, 0x0000000106aa3000)
 End Bits:   [0x0000000106aa3000, 0x0000000108aa3000)

Polling page: 0x00000001027e4000

CodeCache: size=245760Kb used=12535Kb max_used=12734Kb free=233224Kb
 bounds [0x000000010d9ee000, 0x000000010e68e000, 0x000000011c9ee000]
 total_blobs=4814 nmethods=4248 adapters=486
 compilation: enabled

Compilation events (10 events):
Event: 641.764 Thread 0x00007fd16092b000 4927       3       java.util.concurrent.CopyOnWriteArrayList::iterator (14 bytes)
Event: 641.764 Thread 0x00007fd16092b000 nmethod 4927 0x000000010e2d4310 code [0x000000010e2d4480, 0x000000010e2d4810]
Event: 645.976 Thread 0x00007fd16092b000 4928       3       com.zaxxer.hikari.pool.PoolEntry::getState (8 bytes)
Event: 645.977 Thread 0x00007fd16092b000 nmethod 4928 0x000000010ddb7bd0 code [0x000000010ddb7d40, 0x000000010ddb7ee8]
Event: 645.977 Thread 0x00007fd16092b000 4929       3       java.util.concurrent.atomic.AtomicIntegerFieldUpdater$AtomicIntegerFieldUpdaterImpl::get (39 bytes)
Event: 645.977 Thread 0x00007fd16092b000 nmethod 4929 0x000000010e2d3a10 code [0x000000010e2d3bc0, 0x000000010e2d4118]
Event: 651.757 Thread 0x00007fd16092b000 4930       1       org.apache.catalina.core.StandardWrapper::getServlet (5 bytes)
Event: 651.757 Thread 0x00007fd16092b000 nmethod 4930 0x000000010e2d36d0 code [0x000000010e2d3820, 0x000000010e2d3930]
Event: 654.539 Thread 0x00007fd15f841800 4931       4       java.util.concurrent.ConcurrentHashMap$Traverser::advance (188 bytes)
Event: 654.542 Thread 0x00007fd15f841800 nmethod 4931 0x000000010df42590 code [0x000000010df426e0, 0x000000010df428d8]

GC Heap History (10 events):
Event: 12.274 GC heap before
{Heap before GC invocations=12 (full 2):
 PSYoungGen      total 200704K, used 6238K [0x0000000795580000, 0x00000007a2300000, 0x00000007c0000000)
  eden space 193024K, 0% used [0x0000000795580000,0x0000000795580000,0x00000007a1200000)
  from space 7680K, 81% used [0x00000007a1b80000,0x00000007a21978a0,0x00000007a2300000)
  to   space 8704K, 0% used [0x00000007a1200000,0x00000007a1200000,0x00000007a1a80000)
 ParOldGen       total 40448K, used 8639K [0x0000000740000000, 0x0000000742780000, 0x0000000795580000)
  object space 40448K, 21% used [0x0000000740000000,0x000000074086ffd8,0x0000000742780000)
 Metaspace       used 33669K, capacity 35468K, committed 35496K, reserved 1081344K
  class space    used 4194K, capacity 4506K, committed 4520K, reserved 1048576K
Event: 12.433 GC heap after
Heap after GC invocations=12 (full 2):
 PSYoungGen      total 200704K, used 0K [0x0000000795580000, 0x00000007a2300000, 0x00000007c0000000)
  eden space 193024K, 0% used [0x0000000795580000,0x0000000795580000,0x00000007a1200000)
  from space 7680K, 0% used [0x00000007a1b80000,0x00000007a1b80000,0x00000007a2300000)
  to   space 8704K, 0% used [0x00000007a1200000,0x00000007a1200000,0x00000007a1a80000)
 ParOldGen       total 57856K, used 12401K [0x0000000740000000, 0x0000000743880000, 0x0000000795580000)
  object space 57856K, 21% used [0x0000000740000000,0x0000000740c1c730,0x0000000743880000)
 Metaspace       used 33669K, capacity 35468K, committed 35496K, reserved 1081344K
  class space    used 4194K, capacity 4506K, committed 4520K, reserved 1048576K
}
Event: 16.159 GC heap before
{Heap before GC invocations=13 (full 2):
 PSYoungGen      total 200704K, used 193024K [0x0000000795580000, 0x00000007a2300000, 0x00000007c0000000)
  eden space 193024K, 100% used [0x0000000795580000,0x00000007a1200000,0x00000007a1200000)
  from space 7680K, 0% used [0x00000007a1b80000,0x00000007a1b80000,0x00000007a2300000)
  to   space 8704K, 0% used [0x00000007a1200000,0x00000007a1200000,0x00000007a1a80000)
 ParOldGen       total 57856K, used 12401K [0x0000000740000000, 0x0000000743880000, 0x0000000795580000)
  object space 57856K, 21% used [0x0000000740000000,0x0000000740c1c730,0x0000000743880000)
 Metaspace       used 44558K, capacity 46888K, committed 47144K, reserved 1089536K
  class space    used 5760K, capacity 6170K, committed 6184K, reserved 1048576K
Event: 16.194 GC heap after
Heap after GC invocations=13 (full 2):
 PSYoungGen      total 201728K, used 8699K [0x0000000795580000, 0x00000007a7f00000, 0x00000007c0000000)
  eden space 193024K, 0% used [0x0000000795580000,0x0000000795580000,0x00000007a1200000)
  from space 8704K, 99% used [0x00000007a1200000,0x00000007a1a7efe8,0x00000007a1a80000)
  to   space 12288K, 0% used [0x00000007a7300000,0x00000007a7300000,0x00000007a7f00000)
 ParOldGen       total 57856K, used 18789K [0x0000000740000000, 0x0000000743880000, 0x0000000795580000)
  object space 57856K, 32% used [0x0000000740000000,0x00000007412594f8,0x0000000743880000)
 Metaspace       used 44558K, capacity 46888K, committed 47144K, reserved 1089536K
  class space    used 5760K, capacity 6170K, committed 6184K, reserved 1048576K
}
Event: 20.985 GC heap before
{Heap before GC invocations=14 (full 2):
 PSYoungGen      total 201728K, used 201723K [0x0000000795580000, 0x00000007a7f00000, 0x00000007c0000000)
  eden space 193024K, 100% used [0x0000000795580000,0x00000007a1200000,0x00000007a1200000)
  from space 8704K, 99% used [0x00000007a1200000,0x00000007a1a7efe8,0x00000007a1a80000)
  to   space 12288K, 0% used [0x00000007a7300000,0x00000007a7300000,0x00000007a7f00000)
 ParOldGen       total 57856K, used 18789K [0x0000000740000000, 0x0000000743880000, 0x0000000795580000)
  object space 57856K, 32% used [0x0000000740000000,0x00000007412594f8,0x0000000743880000)
 Metaspace       used 55075K, capacity 57646K, committed 57768K, reserved 1099776K
  class space    used 7331K, capacity 7765K, committed 7848K, reserved 1048576K
Event: 21.027 GC heap after
Heap after GC invocations=14 (full 2):
 PSYoungGen      total 285696K, used 11071K [0x0000000795580000, 0x00000007a7e00000, 0x00000007c0000000)
  eden space 274432K, 0% used [0x0000000795580000,0x0000000795580000,0x00000007a6180000)
  from space 11264K, 98% used [0x00000007a7300000,0x00000007a7dcfe18,0x00000007a7e00000)
  to   space 13312K, 0% used [0x00000007a6400000,0x00000007a6400000,0x00000007a7100000)
 ParOldGen       total 57856K, used 25605K [0x0000000740000000, 0x0000000743880000, 0x0000000795580000)
  object space 57856K, 44% used [0x0000000740000000,0x0000000741901518,0x0000000743880000)
 Metaspace       used 55075K, capacity 57646K, committed 57768K, reserved 1099776K
  class space    used 7331K, capacity 7765K, committed 7848K, reserved 1048576K
}
Event: 39.761 GC heap before
{Heap before GC invocations=15 (full 2):
 PSYoungGen      total 285696K, used 30264K [0x0000000795580000, 0x00000007a7e00000, 0x00000007c0000000)
  eden space 274432K, 6% used [0x0000000795580000,0x000000079683e348,0x00000007a6180000)
  from space 11264K, 98% used [0x00000007a7300000,0x00000007a7dcfe18,0x00000007a7e00000)
  to   space 13312K, 0% used [0x00000007a6400000,0x00000007a6400000,0x00000007a7100000)
 ParOldGen       total 57856K, used 25605K [0x0000000740000000, 0x0000000743880000, 0x0000000795580000)
  object space 57856K, 44% used [0x0000000740000000,0x0000000741901518,0x0000000743880000)
 Metaspace       used 56157K, capacity 59020K, committed 59160K, reserved 1099776K
  class space    used 7493K, capacity 7952K, committed 7976K, reserved 1048576K
Event: 39.784 GC heap after
Heap after GC invocations=15 (full 2):
 PSYoungGen      total 290304K, used 1150K [0x0000000795580000, 0x00000007ae380000, 0x00000007c0000000)
  eden space 276992K, 0% used [0x0000000795580000,0x0000000795580000,0x00000007a6400000)
  from space 13312K, 8% used [0x00000007a6400000,0x00000007a651f990,0x00000007a7100000)
  to   space 13824K, 0% used [0x00000007ad600000,0x00000007ad600000,0x00000007ae380000)
 ParOldGen       total 57856K, used 28204K [0x0000000740000000, 0x0000000743880000, 0x0000000795580000)
  object space 57856K, 48% used [0x0000000740000000,0x0000000741b8b2f0,0x0000000743880000)
 Metaspace       used 56157K, capacity 59020K, committed 59160K, reserved 1099776K
  class space    used 7493K, capacity 7952K, committed 7976K, reserved 1048576K
}
Event: 39.784 GC heap before
{Heap before GC invocations=16 (full 3):
 PSYoungGen      total 290304K, used 1150K [0x0000000795580000, 0x00000007ae380000, 0x00000007c0000000)
  eden space 276992K, 0% used [0x0000000795580000,0x0000000795580000,0x00000007a6400000)
  from space 13312K, 8% used [0x00000007a6400000,0x00000007a651f990,0x00000007a7100000)
  to   space 13824K, 0% used [0x00000007ad600000,0x00000007ad600000,0x00000007ae380000)
 ParOldGen       total 57856K, used 28204K [0x0000000740000000, 0x0000000743880000, 0x0000000795580000)
  object space 57856K, 48% used [0x0000000740000000,0x0000000741b8b2f0,0x0000000743880000)
 Metaspace       used 56157K, capacity 59020K, committed 59160K, reserved 1099776K
  class space    used 7493K, capacity 7952K, committed 7976K, reserved 1048576K
Event: 40.078 GC heap after
Heap after GC invocations=16 (full 3):
 PSYoungGen      total 290304K, used 0K [0x0000000795580000, 0x00000007ae380000, 0x00000007c0000000)
  eden space 276992K, 0% used [0x0000000795580000,0x0000000795580000,0x00000007a6400000)
  from space 13312K, 0% used [0x00000007a6400000,0x00000007a6400000,0x00000007a7100000)
  to   space 13824K, 0% used [0x00000007ad600000,0x00000007ad600000,0x00000007ae380000)
 ParOldGen       total 77312K, used 18965K [0x0000000740000000, 0x0000000744b80000, 0x0000000795580000)
  object space 77312K, 24% used [0x0000000740000000,0x00000007412855d8,0x0000000744b80000)
 Metaspace       used 56157K, capacity 59020K, committed 59160K, reserved 1099776K
  class space    used 7493K, capacity 7952K, committed 7976K, reserved 1048576K
}

Deoptimization events (10 events):
Event: 248.707 Thread 0x00007fd165603800 Uncommon trap: reason=unhandled action=none pc=0x000000010e57461c method=java.net.URLClassLoader.findClass(Ljava/lang/String;)Ljava/lang/Class; @ 44
Event: 248.708 Thread 0x00007fd165603800 Uncommon trap: reason=unhandled action=none pc=0x000000010e57461c method=java.net.URLClassLoader.findClass(Ljava/lang/String;)Ljava/lang/Class; @ 44
Event: 248.708 Thread 0x00007fd165603800 Uncommon trap: reason=unhandled action=none pc=0x000000010e57461c method=java.net.URLClassLoader.findClass(Ljava/lang/String;)Ljava/lang/Class; @ 44
Event: 248.709 Thread 0x00007fd165603800 Uncommon trap: reason=unhandled action=none pc=0x000000010e57461c method=java.net.URLClassLoader.findClass(Ljava/lang/String;)Ljava/lang/Class; @ 44
Event: 248.713 Thread 0x00007fd165603800 Uncommon trap: reason=unhandled action=none pc=0x000000010e57461c method=java.net.URLClassLoader.findClass(Ljava/lang/String;)Ljava/lang/Class; @ 44
Event: 248.714 Thread 0x00007fd165603800 Uncommon trap: reason=unhandled action=none pc=0x000000010e57461c method=java.net.URLClassLoader.findClass(Ljava/lang/String;)Ljava/lang/Class; @ 44
Event: 248.715 Thread 0x00007fd165603800 Uncommon trap: reason=unhandled action=none pc=0x000000010e57461c method=java.net.URLClassLoader.findClass(Ljava/lang/String;)Ljava/lang/Class; @ 44
Event: 248.717 Thread 0x00007fd165603800 Uncommon trap: reason=unhandled action=none pc=0x000000010e57461c method=java.net.URLClassLoader.findClass(Ljava/lang/String;)Ljava/lang/Class; @ 44
Event: 248.720 Thread 0x00007fd165603800 Uncommon trap: reason=unhandled action=none pc=0x000000010e57461c method=java.net.URLClassLoader.findClass(Ljava/lang/String;)Ljava/lang/Class; @ 44
Event: 248.724 Thread 0x00007fd165603800 Uncommon trap: reason=unhandled action=none pc=0x000000010e57461c method=java.net.URLClassLoader.findClass(Ljava/lang/String;)Ljava/lang/Class; @ 44

Internal exceptions (10 events):
Event: 21.896 Thread 0x00007fd16080b800 Exception <a 'java/lang/ArrayIndexOutOfBoundsException': 128> (0x0000000795f974e0) thrown at [/Users/java_re/workspace/8-2-build-macosx-x86_64/jdk8u65/4987/hotspot/src/share/vm/interpreter/interpreterRuntime.cpp, line 366]
Event: 21.899 Thread 0x00007fd16080b800 Exception <a 'java/lang/ArrayIndexOutOfBoundsException': 129> (0x0000000795fa95a0) thrown at [/Users/java_re/workspace/8-2-build-macosx-x86_64/jdk8u65/4987/hotspot/src/share/vm/interpreter/interpreterRuntime.cpp, line 366]
Event: 40.269 Thread 0x00007fd165603800 Implicit null exception at 0x000000010de0f4e3 to 0x000000010de0f6e9
Event: 40.419 Thread 0x00007fd165603800 Implicit null exception at 0x000000010e25a827 to 0x000000010e25abed
Event: 146.597 Thread 0x00007fd165603800 Exception <a 'java/lang/NoSuchMethodError': java.lang.Object.lambda$mapIfAllPresent$6(Ljava/util/Optional;Ljava/util/function/BiFunction;Ljava/lang/Object;)Ljava/util/Optional;> (0x0000000796aa8bc8) thrown at [/Users/java_re/workspace/8-2-build-macosx-x86
Event: 146.609 Thread 0x00007fd165603800 Exception <a 'java/lang/NoSuchMethodError': java.lang.Object.lambda$null$5(Ljava/util/function/BiFunction;Ljava/lang/Object;Ljava/lang/Object;)Ljava/lang/Object;> (0x0000000796aad670) thrown at [/Users/java_re/workspace/8-2-build-macosx-x86_64/jdk8u65/498
Event: 149.421 Thread 0x00007fd165603800 Exception <a 'java/lang/NoSuchMethodError': java.lang.Object.lambda$static$0(Lorg/hibernate/type/EntityType;Ljava/lang/Object;Lorg/hibernate/engine/spi/SharedSessionContractImplementor;Ljava/lang/Object;Ljava/lang/Boolean;)Ljava/lang/Object;> (0x000000079
Event: 248.495 Thread 0x00007fd165603800 Exception <a 'java/lang/ClassNotFoundException': java/lang/ObjectCustomizer> (0x00000007970d3458) thrown at [/Users/java_re/workspace/8-2-build-macosx-x86_64/jdk8u65/4987/hotspot/src/share/vm/classfile/systemDictionary.cpp, line 210]
Event: 248.496 Thread 0x00007fd165603800 Exception <a 'java/lang/ArrayIndexOutOfBoundsException': 22> (0x00000007970d6978) thrown at [/Users/java_re/workspace/8-2-build-macosx-x86_64/jdk8u65/4987/hotspot/src/share/vm/interpreter/interpreterRuntime.cpp, line 366]
Event: 248.499 Thread 0x00007fd165603800 Exception <a 'java/lang/ClassNotFoundException': br/edu/cassio/AlunoCustomizer> (0x00000007970e7ab8) thrown at [/Users/java_re/workspace/8-2-build-macosx-x86_64/jdk8u65/4987/hotspot/src/share/vm/classfile/systemDictionary.cpp, line 210]

Events (10 events):
Event: 248.994 loading class org/hibernate/internal/util/collections/IdentityMap$IdentityKey done
Event: 305.422 Executing VM operation: RevokeBias
Event: 305.422 Executing VM operation: RevokeBias done
Event: 569.389 Executing VM operation: RedefineClasses
Event: 569.437 Executing VM operation: RedefineClasses done
Event: 605.443 Thread 0x00007fd16092b000 flushing nmethod 0x000000010ddb7bd0
Event: 614.281 Executing VM operation: RedefineClasses
Event: 614.420 Executing VM operation: RedefineClasses done
Event: 679.180 Executing VM operation: RedefineClasses
Event: 679.242 Executing VM operation: RedefineClasses done


Dynamic libraries:
0x00000000041a1000 	/System/Library/Frameworks/Cocoa.framework/Versions/A/Cocoa
0x00000000041a1000 	/System/Library/Frameworks/Security.framework/Versions/A/Security
0x00000000041a1000 	/System/Library/Frameworks/ApplicationServices.framework/Versions/A/ApplicationServices
0x00000000041a1000 	/usr/lib/libz.1.dylib
0x00000000041a1000 	/usr/lib/libSystem.B.dylib
0x00000000041a1000 	/usr/lib/libobjc.A.dylib
0x00000000041a1000 	/System/Library/Frameworks/CoreFoundation.framework/Versions/A/CoreFoundation
0x00000000041a1000 	/System/Library/Frameworks/Foundation.framework/Versions/C/Foundation
0x00000000041a1000 	/System/Library/Frameworks/AppKit.framework/Versions/C/AppKit
0x00000000041a1000 	/System/Library/Frameworks/CoreData.framework/Versions/A/CoreData
0x00000000041a1000 	/System/Library/PrivateFrameworks/UIFoundation.framework/Versions/A/UIFoundation
0x00000000041a1000 	/System/Library/PrivateFrameworks/RemoteViewServices.framework/Versions/A/RemoteViewServices
0x00000000041a1000 	/System/Library/PrivateFrameworks/XCTTargetBootstrap.framework/Versions/A/XCTTargetBootstrap
0x00000000041a1000 	/System/Library/Frameworks/CoreDisplay.framework/Versions/A/CoreDisplay
0x00000000041a1000 	/System/Library/Frameworks/Metal.framework/Versions/A/Metal
0x00000000041a1000 	/System/Library/PrivateFrameworks/DesktopServicesPriv.framework/Versions/A/DesktopServicesPriv
0x00000000041a1000 	/usr/lib/liblangid.dylib
0x00000000041a1000 	/System/Library/PrivateFrameworks/CoreSVG.framework/Versions/A/CoreSVG
0x00000000041a1000 	/System/Library/PrivateFrameworks/SkyLight.framework/Versions/A/SkyLight
0x00000000041a1000 	/System/Library/Frameworks/CoreGraphics.framework/Versions/A/CoreGraphics
0x00000000041a1000 	/System/Library/Frameworks/Accelerate.framework/Versions/A/Accelerate
0x00000000041a1000 	/usr/lib/libxml2.2.dylib
0x00000000041a1000 	/System/Library/PrivateFrameworks/IconServices.framework/Versions/A/IconServices
0x00000000041a1000 	/System/Library/Frameworks/IOSurface.framework/Versions/A/IOSurface
0x00000000041a1000 	/usr/lib/libDiagnosticMessagesClient.dylib
0x00000000041a1000 	/System/Library/PrivateFrameworks/DFRFoundation.framework/Versions/A/DFRFoundation
0x00000000041a1000 	/usr/lib/libicucore.A.dylib
0x00000000041a1000 	/System/Library/Frameworks/AudioToolbox.framework/Versions/A/AudioToolbox
0x00000000041a1000 	/System/Library/Frameworks/AudioUnit.framework/Versions/A/AudioUnit
0x00000000041a1000 	/usr/lib/libauto.dylib
0x00000000041a1000 	/System/Library/PrivateFrameworks/DataDetectorsCore.framework/Versions/A/DataDetectorsCore
0x00000000041a1000 	/System/Library/Frameworks/Carbon.framework/Versions/A/Frameworks/HIToolbox.framework/Versions/A/HIToolbox
0x00000000041a1000 	/System/Library/Frameworks/QuartzCore.framework/Versions/A/QuartzCore
0x00000000041a1000 	/System/Library/Frameworks/Carbon.framework/Versions/A/Frameworks/SpeechRecognition.framework/Versions/A/SpeechRecognition
0x00000000041a1000 	/System/Library/PrivateFrameworks/CoreUI.framework/Versions/A/CoreUI
0x00000000041a1000 	/System/Library/Frameworks/CoreAudio.framework/Versions/A/CoreAudio
0x00000000041a1000 	/System/Library/Frameworks/DiskArbitration.framework/Versions/A/DiskArbitration
0x00000000041a1000 	/System/Library/PrivateFrameworks/MultitouchSupport.framework/Versions/A/MultitouchSupport
0x00000000041a1000 	/usr/lib/libenergytrace.dylib
0x00000000041a1000 	/System/Library/Frameworks/IOKit.framework/Versions/A/IOKit
0x00000000041a1000 	/System/Library/Frameworks/CoreServices.framework/Versions/A/CoreServices
0x00000000041a1000 	/System/Library/PrivateFrameworks/PerformanceAnalysis.framework/Versions/A/PerformanceAnalysis
0x00000000041a1000 	/System/Library/Frameworks/OpenGL.framework/Versions/A/OpenGL
0x00000000041a1000 	/System/Library/Frameworks/ColorSync.framework/Versions/A/ColorSync
0x00000000041a1000 	/System/Library/Frameworks/CoreImage.framework/Versions/A/CoreImage
0x00000000041a1000 	/System/Library/Frameworks/CoreText.framework/Versions/A/CoreText
0x00000000041a1000 	/System/Library/Frameworks/ImageIO.framework/Versions/A/ImageIO
0x00000000041a1000 	/usr/lib/libc++.1.dylib
0x00000000041a1000 	/usr/lib/libcompression.dylib
0x00000000041a1000 	/usr/lib/libMobileGestalt.dylib
0x00000000041a1000 	/System/Library/PrivateFrameworks/TextureIO.framework/Versions/A/TextureIO
0x00000000041a1000 	/usr/lib/libate.dylib
0x00000000041a1000 	/System/Library/PrivateFrameworks/InternationalSupport.framework/Versions/A/InternationalSupport
0x00000000041a1000 	/usr/lib/system/libcache.dylib
0x00000000041a1000 	/usr/lib/system/libcommonCrypto.dylib
0x00000000041a1000 	/usr/lib/system/libcompiler_rt.dylib
0x00000000041a1000 	/usr/lib/system/libcopyfile.dylib
0x00000000041a1000 	/usr/lib/system/libcorecrypto.dylib
0x00000000041a1000 	/usr/lib/system/libdispatch.dylib
0x00000000041a1000 	/usr/lib/system/libdyld.dylib
0x00000000041a1000 	/usr/lib/system/libkeymgr.dylib
0x00000000041a1000 	/usr/lib/system/liblaunch.dylib
0x00000000041a1000 	/usr/lib/system/libmacho.dylib
0x00000000041a1000 	/usr/lib/system/libquarantine.dylib
0x00000000041a1000 	/usr/lib/system/libremovefile.dylib
0x00000000041a1000 	/usr/lib/system/libsystem_asl.dylib
0x00000000041a1000 	/usr/lib/system/libsystem_blocks.dylib
0x00000000041a1000 	/usr/lib/system/libsystem_c.dylib
0x00000000041a1000 	/usr/lib/system/libsystem_configuration.dylib
0x00000000041a1000 	/usr/lib/system/libsystem_coreservices.dylib
0x00000000041a1000 	/usr/lib/system/libsystem_darwin.dylib
0x00000000041a1000 	/usr/lib/system/libsystem_dnssd.dylib
0x00000000041a1000 	/usr/lib/system/libsystem_featureflags.dylib
0x00000000041a1000 	/usr/lib/system/libsystem_info.dylib
0x00000000041a1000 	/usr/lib/system/libsystem_m.dylib
0x00000000041a1000 	/usr/lib/system/libsystem_malloc.dylib
0x00000000041a1000 	/usr/lib/system/libsystem_networkextension.dylib
0x00000000041a1000 	/usr/lib/system/libsystem_notify.dylib
0x00000000041a1000 	/usr/lib/system/libsystem_sandbox.dylib
0x00000000041a1000 	/usr/lib/system/libsystem_secinit.dylib
0x00000000041a1000 	/usr/lib/system/libsystem_kernel.dylib
0x00000000041a1000 	/usr/lib/system/libsystem_platform.dylib
0x00000000041a1000 	/usr/lib/system/libsystem_pthread.dylib
0x00000000041a1000 	/usr/lib/system/libsystem_symptoms.dylib
0x00000000041a1000 	/usr/lib/system/libsystem_trace.dylib
0x00000000041a1000 	/usr/lib/system/libunwind.dylib
0x00000000041a1000 	/usr/lib/system/libxpc.dylib
0x00000000041a1000 	/usr/lib/libc++abi.dylib
0x00000000041a1000 	/usr/lib/liblzma.5.dylib
0x00000000041a1000 	/usr/lib/libfakelink.dylib
0x00000000041a1000 	/usr/lib/libarchive.2.dylib
0x00000000041a1000 	/System/Library/Frameworks/SystemConfiguration.framework/Versions/A/SystemConfiguration
0x00000000041a1000 	/usr/lib/libCRFSuite.dylib
0x00000000041a1000 	/System/Library/Frameworks/CFNetwork.framework/Versions/A/CFNetwork
0x00000000041a1000 	/usr/lib/libbsm.0.dylib
0x00000000041a1000 	/usr/lib/system/libkxld.dylib
0x00000000041a1000 	/System/Library/PrivateFrameworks/AppleFSCompression.framework/Versions/A/AppleFSCompression
0x00000000041a1000 	/usr/lib/libcoretls.dylib
0x00000000041a1000 	/usr/lib/libcoretls_cfhelpers.dylib
0x00000000041a1000 	/usr/lib/libpam.2.dylib
0x00000000041a1000 	/usr/lib/libsqlite3.dylib
0x00000000041a1000 	/usr/lib/libxar.1.dylib
0x00000000041a1000 	/usr/lib/libbz2.1.0.dylib
0x00000000041a1000 	/usr/lib/libiconv.2.dylib
0x00000000041a1000 	/usr/lib/libcharset.1.dylib
0x00000000041a1000 	/usr/lib/libnetwork.dylib
0x00000000041a1000 	/usr/lib/libpcap.A.dylib
0x00000000041a1000 	/usr/lib/libapple_nghttp2.dylib
0x00000000041a1000 	/System/Library/Frameworks/CoreServices.framework/Versions/A/Frameworks/FSEvents.framework/Versions/A/FSEvents
0x00000000041a1000 	/System/Library/Frameworks/CoreServices.framework/Versions/A/Frameworks/CarbonCore.framework/Versions/A/CarbonCore
0x00000000041a1000 	/System/Library/Frameworks/CoreServices.framework/Versions/A/Frameworks/Metadata.framework/Versions/A/Metadata
0x00000000041a1000 	/System/Library/Frameworks/CoreServices.framework/Versions/A/Frameworks/OSServices.framework/Versions/A/OSServices
0x00000000041a1000 	/System/Library/Frameworks/CoreServices.framework/Versions/A/Frameworks/SearchKit.framework/Versions/A/SearchKit
0x00000000041a1000 	/System/Library/Frameworks/CoreServices.framework/Versions/A/Frameworks/AE.framework/Versions/A/AE
0x00000000041a1000 	/System/Library/Frameworks/CoreServices.framework/Versions/A/Frameworks/LaunchServices.framework/Versions/A/LaunchServices
0x00000000041a1000 	/System/Library/Frameworks/CoreServices.framework/Versions/A/Frameworks/DictionaryServices.framework/Versions/A/DictionaryServices
0x00000000041a1000 	/System/Library/Frameworks/CoreServices.framework/Versions/A/Frameworks/SharedFileList.framework/Versions/A/SharedFileList
0x00000000041a1000 	/System/Library/Frameworks/NetFS.framework/Versions/A/NetFS
0x00000000041a1000 	/System/Library/PrivateFrameworks/NetAuth.framework/Versions/A/NetAuth
0x00000000041a1000 	/System/Library/PrivateFrameworks/login.framework/Versions/A/Frameworks/loginsupport.framework/Versions/A/loginsupport
0x00000000041a1000 	/System/Library/PrivateFrameworks/TCC.framework/Versions/A/TCC
0x00000000041a1000 	/System/Library/PrivateFrameworks/CoreNLP.framework/Versions/A/CoreNLP
0x00000000041a1000 	/System/Library/PrivateFrameworks/MetadataUtilities.framework/Versions/A/MetadataUtilities
0x00000000041a1000 	/usr/lib/libmecabra.dylib
0x00000000041a1000 	/usr/lib/libmecab.dylib
0x00000000041a1000 	/usr/lib/libgermantok.dylib
0x00000000041a1000 	/usr/lib/libThaiTokenizer.dylib
0x00000000041a1000 	/usr/lib/libChineseTokenizer.dylib
0x00000000041a1000 	/System/Library/Frameworks/Accelerate.framework/Versions/A/Frameworks/vImage.framework/Versions/A/vImage
0x00000000041a1000 	/System/Library/Frameworks/Accelerate.framework/Versions/A/Frameworks/vecLib.framework/Versions/A/vecLib
0x00000000041a1000 	/System/Library/Frameworks/Accelerate.framework/Versions/A/Frameworks/vecLib.framework/Versions/A/libvMisc.dylib
0x00000000041a1000 	/System/Library/Frameworks/Accelerate.framework/Versions/A/Frameworks/vecLib.framework/Versions/A/libvDSP.dylib
0x00000000041a1000 	/System/Library/Frameworks/Accelerate.framework/Versions/A/Frameworks/vecLib.framework/Versions/A/libBLAS.dylib
0x00000000041a1000 	/System/Library/Frameworks/Accelerate.framework/Versions/A/Frameworks/vecLib.framework/Versions/A/libLAPACK.dylib
0x00000000041a1000 	/System/Library/Frameworks/Accelerate.framework/Versions/A/Frameworks/vecLib.framework/Versions/A/libLinearAlgebra.dylib
0x00000000041a1000 	/System/Library/Frameworks/Accelerate.framework/Versions/A/Frameworks/vecLib.framework/Versions/A/libSparseBLAS.dylib
0x00000000041a1000 	/System/Library/Frameworks/Accelerate.framework/Versions/A/Frameworks/vecLib.framework/Versions/A/libQuadrature.dylib
0x00000000041a1000 	/System/Library/Frameworks/Accelerate.framework/Versions/A/Frameworks/vecLib.framework/Versions/A/libBNNS.dylib
0x00000000041a1000 	/System/Library/Frameworks/Accelerate.framework/Versions/A/Frameworks/vecLib.framework/Versions/A/libSparse.dylib
0x00000000041a1000 	/System/Library/PrivateFrameworks/LanguageModeling.framework/Versions/A/LanguageModeling
0x00000000041a1000 	/System/Library/PrivateFrameworks/CoreEmoji.framework/Versions/A/CoreEmoji
0x00000000041a1000 	/System/Library/PrivateFrameworks/LinguisticData.framework/Versions/A/LinguisticData
0x00000000041a1000 	/System/Library/PrivateFrameworks/Lexicon.framework/Versions/A/Lexicon
0x00000000041a1000 	/usr/lib/libcmph.dylib
0x00000000041a1000 	/System/Library/Frameworks/OpenDirectory.framework/Versions/A/Frameworks/CFOpenDirectory.framework/Versions/A/CFOpenDirectory
0x00000000041a1000 	/System/Library/Frameworks/OpenDirectory.framework/Versions/A/OpenDirectory
0x00000000041a1000 	/System/Library/PrivateFrameworks/APFS.framework/Versions/A/APFS
0x00000000041a1000 	/System/Library/Frameworks/SecurityFoundation.framework/Versions/A/SecurityFoundation
0x00000000041a1000 	/usr/lib/libutil.dylib
0x00000000041a1000 	/System/Library/PrivateFrameworks/CoreServicesStore.framework/Versions/A/CoreServicesStore
0x00000000041a1000 	/System/Library/Frameworks/ServiceManagement.framework/Versions/A/ServiceManagement
0x00000000041a1000 	/System/Library/PrivateFrameworks/BackgroundTaskManagement.framework/Versions/A/BackgroundTaskManagement
0x00000000041a1000 	/usr/lib/libxslt.1.dylib
0x00000000041a1000 	/System/Library/PrivateFrameworks/AppleSystemInfo.framework/Versions/A/AppleSystemInfo
0x00000000041a1000 	/System/Library/Frameworks/ImageIO.framework/Versions/A/Resources/libJPEG.dylib
0x00000000041a1000 	/System/Library/Frameworks/ImageIO.framework/Versions/A/Resources/libTIFF.dylib
0x00000000041a1000 	/System/Library/Frameworks/ImageIO.framework/Versions/A/Resources/libPng.dylib
0x00000000041a1000 	/System/Library/Frameworks/ImageIO.framework/Versions/A/Resources/libGIF.dylib
0x00000000041a1000 	/System/Library/Frameworks/ImageIO.framework/Versions/A/Resources/libJP2.dylib
0x00000000041a1000 	/System/Library/Frameworks/ImageIO.framework/Versions/A/Resources/libRadiance.dylib
0x00000000041a1000 	/usr/lib/libexpat.1.dylib
0x00000000041a1000 	/System/Library/PrivateFrameworks/AppleJPEG.framework/Versions/A/AppleJPEG
0x00000000041a1000 	/System/Library/PrivateFrameworks/FontServices.framework/libFontParser.dylib
0x00000000041a1000 	/System/Library/PrivateFrameworks/WatchdogClient.framework/Versions/A/WatchdogClient
0x00000000041a1000 	/System/Library/PrivateFrameworks/IOAccelerator.framework/Versions/A/IOAccelerator
0x00000000041a1000 	/System/Library/Frameworks/MetalPerformanceShaders.framework/Versions/A/MetalPerformanceShaders
0x00000000041a1000 	/System/Library/PrivateFrameworks/GPUWrangler.framework/Versions/A/GPUWrangler
0x00000000041a1000 	/System/Library/PrivateFrameworks/IOPresentment.framework/Versions/A/IOPresentment
0x00000000041a1000 	/System/Library/PrivateFrameworks/DSExternalDisplay.framework/Versions/A/DSExternalDisplay
0x00000000041a1000 	/System/Library/Frameworks/OpenGL.framework/Versions/A/Libraries/libCoreFSCache.dylib
0x00000000041a1000 	/System/Library/Frameworks/MetalPerformanceShaders.framework/Frameworks/MPSCore.framework/Versions/A/MPSCore
0x00000000041a1000 	/System/Library/Frameworks/MetalPerformanceShaders.framework/Frameworks/MPSImage.framework/Versions/A/MPSImage
0x00000000041a1000 	/System/Library/Frameworks/MetalPerformanceShaders.framework/Frameworks/MPSNeuralNetwork.framework/Versions/A/MPSNeuralNetwork
0x00000000041a1000 	/System/Library/Frameworks/MetalPerformanceShaders.framework/Frameworks/MPSMatrix.framework/Versions/A/MPSMatrix
0x00000000041a1000 	/System/Library/Frameworks/MetalPerformanceShaders.framework/Frameworks/MPSRayIntersector.framework/Versions/A/MPSRayIntersector
0x00000000041a1000 	/System/Library/Frameworks/MetalPerformanceShaders.framework/Frameworks/MPSNDArray.framework/Versions/A/MPSNDArray
0x00000000041a1000 	/System/Library/PrivateFrameworks/MetalTools.framework/Versions/A/MetalTools
0x00000000041a1000 	/System/Library/PrivateFrameworks/AggregateDictionary.framework/Versions/A/AggregateDictionary
0x00000000041a1000 	/System/Library/PrivateFrameworks/CoreAnalytics.framework/Versions/A/CoreAnalytics
0x00000000041a1000 	/System/Library/PrivateFrameworks/AppleSauce.framework/Versions/A/AppleSauce
0x00000000041a1000 	/usr/lib/libIOReport.dylib
0x00000000041a1000 	/System/Library/Frameworks/CoreVideo.framework/Versions/A/CoreVideo
0x00000000041a1000 	/System/Library/PrivateFrameworks/GraphVisualizer.framework/Versions/A/GraphVisualizer
0x00000000041a1000 	/System/Library/PrivateFrameworks/FaceCore.framework/Versions/A/FaceCore
0x00000000041a1000 	/System/Library/Frameworks/OpenCL.framework/Versions/A/OpenCL
0x00000000041a1000 	/usr/lib/libFosl_dynamic.dylib
0x00000000041a1000 	/System/Library/PrivateFrameworks/OTSVG.framework/Versions/A/OTSVG
0x00000000041a1000 	/System/Library/Frameworks/ApplicationServices.framework/Versions/A/Frameworks/ATS.framework/Versions/A/Resources/libFontRegistry.dylib
0x00000000041a1000 	/System/Library/PrivateFrameworks/FontServices.framework/libhvf.dylib
0x00000000041a1000 	/System/Library/Frameworks/OpenGL.framework/Versions/A/Libraries/libGFXShared.dylib
0x00000000041a1000 	/System/Library/Frameworks/OpenGL.framework/Versions/A/Libraries/libGLU.dylib
0x00000000041a1000 	/System/Library/Frameworks/OpenGL.framework/Versions/A/Libraries/libGL.dylib
0x00000000041a1000 	/System/Library/Frameworks/OpenGL.framework/Versions/A/Libraries/libGLImage.dylib
0x00000000041a1000 	/System/Library/Frameworks/OpenGL.framework/Versions/A/Libraries/libCVMSPluginSupport.dylib
0x00000000041a1000 	/System/Library/Frameworks/OpenGL.framework/Versions/A/Libraries/libCoreVMClient.dylib
0x00000000041a1000 	/usr/lib/libncurses.5.4.dylib
0x00000000041a1000 	/System/Library/Frameworks/ApplicationServices.framework/Versions/A/Frameworks/ATS.framework/Versions/A/ATS
0x00000000041a1000 	/System/Library/Frameworks/ApplicationServices.framework/Versions/A/Frameworks/ColorSyncLegacy.framework/Versions/A/ColorSyncLegacy
0x00000000041a1000 	/System/Library/Frameworks/ApplicationServices.framework/Versions/A/Frameworks/HIServices.framework/Versions/A/HIServices
0x00000000041a1000 	/System/Library/Frameworks/ApplicationServices.framework/Versions/A/Frameworks/LangAnalysis.framework/Versions/A/LangAnalysis
0x00000000041a1000 	/System/Library/Frameworks/ApplicationServices.framework/Versions/A/Frameworks/PrintCore.framework/Versions/A/PrintCore
0x00000000041a1000 	/System/Library/Frameworks/ApplicationServices.framework/Versions/A/Frameworks/QD.framework/Versions/A/QD
0x00000000041a1000 	/System/Library/Frameworks/ApplicationServices.framework/Versions/A/Frameworks/SpeechSynthesis.framework/Versions/A/SpeechSynthesis
0x00000000041a1000 	/System/Library/Frameworks/ApplicationServices.framework/Versions/A/Frameworks/ATSUI.framework/Versions/A/ATSUI
0x00000000041a1000 	/usr/lib/libcups.2.dylib
0x00000000041a1000 	/System/Library/Frameworks/Kerberos.framework/Versions/A/Kerberos
0x00000000041a1000 	/System/Library/Frameworks/GSS.framework/Versions/A/GSS
0x00000000041a1000 	/usr/lib/libresolv.9.dylib
0x00000000041a1000 	/System/Library/PrivateFrameworks/Heimdal.framework/Versions/A/Heimdal
0x00000000041a1000 	/System/Library/Frameworks/Kerberos.framework/Versions/A/Libraries/libHeimdalProxy.dylib
0x00000000041a1000 	/usr/lib/libheimdal-asn1.dylib
0x00000000041a1000 	/System/Library/PrivateFrameworks/CommonAuth.framework/Versions/A/CommonAuth
0x00000000041a1000 	/System/Library/PrivateFrameworks/AssertionServices.framework/Versions/A/AssertionServices
0x00000000041a1000 	/System/Library/PrivateFrameworks/AudioToolboxCore.framework/Versions/A/AudioToolboxCore
0x00000000041a1000 	/System/Library/PrivateFrameworks/caulk.framework/Versions/A/caulk
0x00000000041a1000 	/System/Library/PrivateFrameworks/BaseBoard.framework/Versions/A/BaseBoard
0x00000000041a1000 	/System/Library/PrivateFrameworks/RunningBoardServices.framework/Versions/A/RunningBoardServices
0x00000000041a1000 	/System/Library/PrivateFrameworks/PersistentConnection.framework/Versions/A/PersistentConnection
0x00000000041a1000 	/System/Library/PrivateFrameworks/ProtocolBuffer.framework/Versions/A/ProtocolBuffer
0x00000000041a1000 	/System/Library/PrivateFrameworks/CommonUtilities.framework/Versions/A/CommonUtilities
0x00000000041a1000 	/System/Library/PrivateFrameworks/Bom.framework/Versions/A/Bom
0x00000000041a1000 	/usr/lib/libAudioToolboxUtility.dylib
0x00000000041a1000 	/System/Library/PrivateFrameworks/Backup.framework/Versions/A/Backup
0x00000000041a1000 	/System/Library/PrivateFrameworks/CrashReporterSupport.framework/Versions/A/CrashReporterSupport
0x00000000041a1000 	/System/Library/PrivateFrameworks/Sharing.framework/Versions/A/Sharing
0x00000000041a1000 	/System/Library/PrivateFrameworks/Apple80211.framework/Versions/A/Apple80211
0x00000000041a1000 	/System/Library/PrivateFrameworks/AuthKit.framework/Versions/A/AuthKit
0x00000000041a1000 	/System/Library/PrivateFrameworks/CoreUtils.framework/Versions/A/CoreUtils
0x00000000041a1000 	/System/Library/Frameworks/CoreWLAN.framework/Versions/A/CoreWLAN
0x00000000041a1000 	/System/Library/Frameworks/IOBluetooth.framework/Versions/A/IOBluetooth
0x00000000041a1000 	/System/Library/PrivateFrameworks/MobileKeyBag.framework/Versions/A/MobileKeyBag
0x00000000041a1000 	/System/Library/PrivateFrameworks/CorePhoneNumbers.framework/Versions/A/CorePhoneNumbers
0x00000000041a1000 	/System/Library/PrivateFrameworks/AppleIDAuthSupport.framework/Versions/A/AppleIDAuthSupport
0x00000000041a1000 	/System/Library/Frameworks/Network.framework/Versions/A/Network
0x00000000041a1000 	/System/Library/PrivateFrameworks/KeychainCircle.framework/Versions/A/KeychainCircle
0x00000000041a1000 	/System/Library/Frameworks/CoreBluetooth.framework/Versions/A/CoreBluetooth
0x00000000041a1000 	/System/Library/PrivateFrameworks/SpeechRecognitionCore.framework/Versions/A/SpeechRecognitionCore
0x0000000103000000 	/Library/Java/JavaVirtualMachines/jdk1.8.0_65.jdk/Contents/Home/jre/lib/server/libjvm.dylib
0x00000000041a1000 	/usr/lib/libstdc++.6.dylib
0x00000001027a1000 	/Library/Java/JavaVirtualMachines/jdk1.8.0_65.jdk/Contents/Home/jre/lib/libverify.dylib
0x00000001027af000 	/Library/Java/JavaVirtualMachines/jdk1.8.0_65.jdk/Contents/Home/jre/lib/libjava.dylib
0x0000000103f89000 	/Library/Java/JavaVirtualMachines/jdk1.8.0_65.jdk/Contents/Home/jre/lib/libjdwp.dylib
0x00000001027e5000 	/Library/Java/JavaVirtualMachines/jdk1.8.0_65.jdk/Contents/Home/jre/lib/libnpt.dylib
0x0000000103fd4000 	/Library/Java/JavaVirtualMachines/jdk1.8.0_65.jdk/Contents/Home/jre/lib/libinstrument.dylib
0x00000001027f2000 	/Library/Java/JavaVirtualMachines/jdk1.8.0_65.jdk/Contents/Home/jre/lib/libzip.dylib
0x00000000041a1000 	/System/Library/Frameworks/JavaVM.framework/Versions/A/Frameworks/JavaRuntimeSupport.framework/Versions/A/JavaRuntimeSupport
0x00000000041a1000 	/System/Library/Frameworks/JavaVM.framework/Versions/A/Frameworks/JavaNativeFoundation.framework/Versions/A/JavaNativeFoundation
0x00000000041a1000 	/System/Library/Frameworks/JavaVM.framework/Versions/A/JavaVM
0x00000000041a1000 	/System/Library/Frameworks/Carbon.framework/Versions/A/Carbon
0x00000000041a1000 	/System/Library/PrivateFrameworks/CoreSymbolication.framework/Versions/A/CoreSymbolication
0x00000000041a1000 	/System/Library/PrivateFrameworks/JavaLaunching.framework/Versions/A/JavaLaunching
0x00000000041a1000 	/System/Library/Frameworks/Carbon.framework/Versions/A/Frameworks/CommonPanels.framework/Versions/A/CommonPanels
0x00000000041a1000 	/System/Library/Frameworks/Carbon.framework/Versions/A/Frameworks/Help.framework/Versions/A/Help
0x00000000041a1000 	/System/Library/Frameworks/Carbon.framework/Versions/A/Frameworks/ImageCapture.framework/Versions/A/ImageCapture
0x00000000041a1000 	/System/Library/Frameworks/Carbon.framework/Versions/A/Frameworks/OpenScripting.framework/Versions/A/OpenScripting
0x00000000041a1000 	/System/Library/Frameworks/Carbon.framework/Versions/A/Frameworks/Ink.framework/Versions/A/Ink
0x00000000041a1000 	/System/Library/Frameworks/Carbon.framework/Versions/A/Frameworks/Print.framework/Versions/A/Print
0x00000000041a1000 	/System/Library/Frameworks/Carbon.framework/Versions/A/Frameworks/SecurityHI.framework/Versions/A/SecurityHI
0x00000000041a1000 	/System/Library/PrivateFrameworks/DebugSymbols.framework/Versions/A/DebugSymbols
0x000000010b41e000 	/Library/Java/JavaVirtualMachines/jdk1.8.0_65.jdk/Contents/Home/jre/lib/libdt_socket.dylib
0x000000010bb53000 	/Library/Java/JavaVirtualMachines/jdk1.8.0_65.jdk/Contents/Home/jre/lib/libmanagement.dylib
0x000000010bb61000 	/Library/Java/JavaVirtualMachines/jdk1.8.0_65.jdk/Contents/Home/jre/lib/libnet.dylib
0x000000010c178000 	/Library/Java/JavaVirtualMachines/jdk1.8.0_65.jdk/Contents/Home/jre/lib/libnio.dylib
0x000000010d58f000 	/Library/Java/JavaVirtualMachines/jdk1.8.0_65.jdk/Contents/Home/jre/lib/libsunec.dylib

VM Arguments:
jvm_args: -agentlib:jdwp=transport=dt_socket,suspend=y,address=localhost:64300 -javaagent:/Applications/SpringToolSuite4.app/Contents/Eclipse/configuration/org.eclipse.osgi/236/0/.cp/lib/javaagent-shaded.jar -Dfile.encoding=UTF-8 
java_command: br.edu.cassio.AulamvcApplication
java_class_path (initial): /Users/cassioseffrin/Documents/workspace/frameworks2020/aulamvc/target/classes:/Users/cassioseffrin/.m2/repository/org/springframework/boot/spring-boot-starter-web/2.3.3.RELEASE/spring-boot-starter-web-2.3.3.RELEASE.jar:/Users/cassioseffrin/.m2/repository/org/springframework/boot/spring-boot-starter/2.3.3.RELEASE/spring-boot-starter-2.3.3.RELEASE.jar:/Users/cassioseffrin/.m2/repository/org/springframework/boot/spring-boot/2.3.3.RELEASE/spring-boot-2.3.3.RELEASE.jar:/Users/cassioseffrin/.m2/repository/org/springframework/boot/spring-boot-autoconfigure/2.3.3.RELEASE/spring-boot-autoconfigure-2.3.3.RELEASE.jar:/Users/cassioseffrin/.m2/repository/org/springframework/boot/spring-boot-starter-logging/2.3.3.RELEASE/spring-boot-starter-logging-2.3.3.RELEASE.jar:/Users/cassioseffrin/.m2/repository/ch/qos/logback/logback-classic/1.2.3/logback-classic-1.2.3.jar:/Users/cassioseffrin/.m2/repository/ch/qos/logback/logback-core/1.2.3/logback-core-1.2.3.jar:/Users/cassioseffrin/.m2/repository/org/apache/logging/log4j/log4j-to-slf4j/2.13.3/log4j-to-slf4j-2.13.3.jar:/Users/cassioseffrin/.m2/repository/org/apache/logging/log4j/log4j-api/2.13.3/log4j-api-2.13.3.jar:/Users/cassioseffrin/.m2/repository/org/slf4j/jul-to-slf4j/1.7.30/jul-to-slf4j-1.7.30.jar:/Users/cassioseffrin/.m2/repository/jakarta/annotation/jakarta.annotation-api/1.3.5/jakarta.annotation-api-1.3.5.jar:/Users/cassioseffrin/.m2/repository/org/yaml/snakeyaml/1.26/snakeyaml-1.26.jar:/Users/cassioseffrin/.m2/repository/org/springframework/boot/spring-boot-starter-json/2.3.3.RELEASE/spring-boot-starter-json-2.3.3.RELEASE.jar:/Users/cassioseffrin/.m2/repository/com/fasterxml/jackson/core/jackson-databind/2.11.2/jackson-databind-2.11.2.jar:/Users/cassioseffrin/.m2/repository/com/fasterxml/jackson/core/jackson-annotations/2.11.2/jackson-annotations-2.11.2.jar:/Users/cassioseffrin/.m2/repository/com/fasterxml/jackson/core/jackson-core/2.11.2/jackson-core-2.11.2.jar:/Users/cassioseffrin/.m2/repository
Launcher Type: SUN_STANDARD

Environment Variables:
PATH=/usr/bin:/bin:/usr/sbin:/sbin
SHELL=/bin/bash

Signal Handlers:
SIGSEGV: [libjvm.dylib+0x5a6d31], sa_mask[0]=11111111011111110111111111111111, sa_flags=SA_ONSTACK|SA_RESTART|SA_SIGINFO
SIGBUS: [libjvm.dylib+0x5a6d31], sa_mask[0]=11111111011111110111111111111111, sa_flags=SA_RESTART|SA_SIGINFO
SIGFPE: [libjvm.dylib+0x480a40], sa_mask[0]=11111111011111110111111111111111, sa_flags=SA_RESTART|SA_SIGINFO
SIGPIPE: [libjvm.dylib+0x480a40], sa_mask[0]=11111111011111110111111111111111, sa_flags=SA_RESTART|SA_SIGINFO
SIGXFSZ: [libjvm.dylib+0x480a40], sa_mask[0]=11111111011111110111111111111111, sa_flags=SA_RESTART|SA_SIGINFO
SIGILL: [libjvm.dylib+0x480a40], sa_mask[0]=11111111011111110111111111111111, sa_flags=SA_RESTART|SA_SIGINFO
SIGUSR1: SIG_DFL, sa_mask[0]=00000000000000000000000000000000, sa_flags=none
SIGUSR2: [libjvm.dylib+0x48055e], sa_mask[0]=00100000000000000000000000000000, sa_flags=SA_RESTART|SA_SIGINFO
SIGHUP: [libjvm.dylib+0x47eb35], sa_mask[0]=11111111011111110111111111111111, sa_flags=SA_RESTART|SA_SIGINFO
SIGINT: [libjvm.dylib+0x47eb35], sa_mask[0]=11111111011111110111111111111111, sa_flags=SA_RESTART|SA_SIGINFO
SIGTERM: [libjvm.dylib+0x47eb35], sa_mask[0]=11111111011111110111111111111111, sa_flags=SA_RESTART|SA_SIGINFO
SIGQUIT: [libjvm.dylib+0x47eb35], sa_mask[0]=11111111011111110111111111111111, sa_flags=SA_RESTART|SA_SIGINFO


---------------  S Y S T E M  ---------------

OS:Bsduname:Darwin 19.6.0 Darwin Kernel Version 19.6.0: Sun Jul  5 00:43:10 PDT 2020; root:xnu-6153.141.1~9/RELEASE_X86_64 x86_64
rlimit: STACK 8192k, CORE 0k, NPROC 1392, NOFILE 10240, AS infinity
load average:6.42 6.27 6.10

CPU:total 4 (2 cores per cpu, 2 threads per core) family 6 model 69 stepping 1, cmov, cx8, fxsr, mmx, sse, sse2, sse3, ssse3, sse4.1, sse4.2, popcnt, avx, avx2, aes, clmul, erms, lzcnt, ht, tsc, tscinvbit, bmi1, bmi2

Memory: 4k page, physical 8388608k(250760k free)

/proc/meminfo:


vm_info: Java HotSpot(TM) 64-Bit Server VM (25.65-b01) for bsd-amd64 JRE (1.8.0_65-b17), built on Oct  6 2015 15:36:46 by "java_re" with gcc 4.2.1 (Based on Apple Inc. build 5658) (LLVM build 2336.11.00)

time: Fri Sep  4 22:19:39 2020
elapsed time: 679 seconds (0d 0h 11m 19s)

